Compiling the C compiler identification source file "CMakeCCompilerId.c" failed.
Compiler:  
Build flags: 
Id flags:  

The output was:
1
Microsoft (R) 生成引擎版本 14.0.25420.1
版权所有(C) Microsoft Corporation。保留所有权利。

生成启动时间为 2017/2/16 22:08:02。
节点 1 上的项目“F:\TimeGame_MJ\MJProject\build\build64\CMakeFiles\3.8.0-rc1\CompilerIdC\CompilerIdC.vcxproj”(默认目标)。
InitializeBuildStatus:
  正在对“Debug\CompilerIdC.tlog\unsuccessfulbuild”执行 Touch 任务。
ClCompile:
  F:\vs\VC\bin\x86_amd64\CL.exe /c /nologo /W0 /WX- /Od /D _MBCS /Gm- /EHsc /RTC1 /MDd /GS /fp:precise /Zc:wchar_t /Zc:forScope /Zc:inline /Fo"Debug\\" /Fd"Debug\vc140.pdb" /Gd /TC /errorReport:queue CMakeCCompilerId.c
  CMakeCCompilerId.c
Link:
  F:\vs\VC\bin\x86_amd64\link.exe /ERRORREPORT:QUEUE /OUT:".\CompilerIdC.exe" /INCREMENTAL:NO /NOLOGO kernel32.lib user32.lib gdi32.lib winspool.lib comdlg32.lib advapi32.lib shell32.lib ole32.lib oleaut32.lib uuid.lib odbc32.lib odbccp32.lib /MANIFEST /MANIFESTUAC:"level='asInvoker' uiAccess='false'" /manifest:embed /PDB:".\CompilerIdC.pdb" /SUBSYSTEM:CONSOLE /TLBID:1 /DYNAMICBASE /NXCOMPAT /IMPLIB:".\CompilerIdC.lib" /MACHINE:X64 Debug\CMakeCCompilerId.obj
LINK : fatal error LNK1104: 无法打开文件“.\CompilerIdC.exe” [F:\TimeGame_MJ\MJProject\build\build64\CMakeFiles\3.8.0-rc1\CompilerIdC\CompilerIdC.vcxproj]
已完成生成项目“F:\TimeGame_MJ\MJProject\build\build64\CMakeFiles\3.8.0-rc1\CompilerIdC\CompilerIdC.vcxproj”(默认目标)的操作 - 失败。

生成失败。

“F:\TimeGame_MJ\MJProject\build\build64\CMakeFiles\3.8.0-rc1\CompilerIdC\CompilerIdC.vcxproj”(默认目标) (1) ->
(Link 目标) -> 
  LINK : fatal error LNK1104: 无法打开文件“.\CompilerIdC.exe” [F:\TimeGame_MJ\MJProject\build\build64\CMakeFiles\3.8.0-rc1\CompilerIdC\CompilerIdC.vcxproj]

    0 个警告
    1 个错误

已用时间 00:00:00.54


Compiling the C compiler identification source file "CMakeCCompilerId.c" failed.
Compiler:  
Build flags: 
Id flags:  

The output was:
1
Microsoft (R) 生成引擎版本 14.0.25420.1
版权所有(C) Microsoft Corporation。保留所有权利。

生成启动时间为 2017/2/16 22:08:10。
节点 1 上的项目“F:\TimeGame_MJ\MJProject\build\build64\CMakeFiles\3.8.0-rc1\CompilerIdC\CompilerIdC.vcxproj”(默认目标)。
InitializeBuildStatus:
  正在对“Debug\CompilerIdC.tlog\unsuccessfulbuild”执行 Touch 任务。
ClCompile:
  F:\vs\VC\bin\x86_amd64\CL.exe /c /nologo /W0 /WX- /Od /D _MBCS /Gm- /EHsc /RTC1 /MDd /GS /fp:precise /Zc:wchar_t /Zc:forScope /Zc:inline /Fo"Debug\\" /Fd"Debug\vc140.pdb" /Gd /TC /errorReport:queue CMakeCCompilerId.c
  CMakeCCompilerId.c
Link:
  F:\vs\VC\bin\x86_amd64\link.exe /ERRORREPORT:QUEUE /OUT:".\CompilerIdC.exe" /INCREMENTAL:NO /NOLOGO kernel32.lib user32.lib gdi32.lib winspool.lib comdlg32.lib advapi32.lib shell32.lib ole32.lib oleaut32.lib uuid.lib odbc32.lib odbccp32.lib /MANIFEST /MANIFESTUAC:"level='asInvoker' uiAccess='false'" /manifest:embed /PDB:".\CompilerIdC.pdb" /SUBSYSTEM:CONSOLE /TLBID:1 /DYNAMICBASE /NXCOMPAT /IMPLIB:".\CompilerIdC.lib" /MACHINE:X64 Debug\CMakeCCompilerId.obj
LINK : fatal error LNK1104: 无法打开文件“.\CompilerIdC.exe” [F:\TimeGame_MJ\MJProject\build\build64\CMakeFiles\3.8.0-rc1\CompilerIdC\CompilerIdC.vcxproj]
已完成生成项目“F:\TimeGame_MJ\MJProject\build\build64\CMakeFiles\3.8.0-rc1\CompilerIdC\CompilerIdC.vcxproj”(默认目标)的操作 - 失败。

生成失败。

“F:\TimeGame_MJ\MJProject\build\build64\CMakeFiles\3.8.0-rc1\CompilerIdC\CompilerIdC.vcxproj”(默认目标) (1) ->
(Link 目标) -> 
  LINK : fatal error LNK1104: 无法打开文件“.\CompilerIdC.exe” [F:\TimeGame_MJ\MJProject\build\build64\CMakeFiles\3.8.0-rc1\CompilerIdC\CompilerIdC.vcxproj]

    0 个警告
    1 个错误

已用时间 00:00:00.49


